2012-07-05 06:02:13 Error: [PDOException] SQLSTATE[42000]: Syntax error or access violation: 1064 You have an error in your SQL syntax; check the manual that corresponds to your MySQL server version for the right syntax to use near ''nation' WHERE ('name' LIKE '%%') ORDER BY (CASE WHEN 'name' LIKE '' THEN 0 WHEN' at line 1
#0 /home/sutara/Dropbox/server/CakeTest/lib/Cake/Model/Datasource/DboSource.php(461): PDOStatement->execute(Array)
#1 /home/sutara/Dropbox/server/CakeTest/lib/Cake/Model/Datasource/DboSource.php(427): DboSource->_execute('SELECT * FROM '...', Array)
#2 /home/sutara/Dropbox/server/CakeTest/lib/Cake/Model/Datasource/DboSource.php(671): DboSource->execute('SELECT * FROM '...', Array, Array)
#3 /home/sutara/Dropbox/server/CakeTest/lib/Cake/Model/Datasource/DboSource.php(540): DboSource->fetchAll('SELECT * FROM '...')
#4 [internal function]: DboSource->query('SELECT * FROM '...')
#5 /home/sutara/Dropbox/server/CakeTest/lib/Cake/Model/Model.php(2997): call_user_func_array(Array, Array)
#6 /home/sutara/Dropbox/server/CakeTest/app/Model/Post.php(82): Model->query('SELECT * FROM '...')
#7 /home/sutara/Dropbox/server/CakeTest/app/Controller/PostsController.php(23): Post->modelAjaxSearch(Array)
#8 [internal function]: PostsController->ajax_search()
#9 /home/sutara/Dropbox/server/CakeTest/lib/Cake/Controller/Controller.php(485): ReflectionMethod->invokeArgs(Object(PostsController), Array)
#10 /home/sutara/Dropbox/server/CakeTest/lib/Cake/Routing/Dispatcher.php(186): Controller->invokeAction(Object(CakeRequest))
#11 /home/sutara/Dropbox/server/CakeTest/lib/Cake/Routing/Dispatcher.php(161): Dispatcher->_invoke(Object(PostsController), Object(CakeRequest), Object(CakeResponse))
#12 /home/sutara/Dropbox/server/CakeTest/app/webroot/index.php(92): Dispatcher->dispatch(Object(CakeRequest), Object(CakeResponse))
#13 {main}
2012-07-05 06:02:30 Error: [PDOException] SQLSTATE[42000]: Syntax error or access violation: 1064 You have an error in your SQL syntax; check the manual that corresponds to your MySQL server version for the right syntax to use near ''nation' WHERE ('name' LIKE '%%') ORDER BY (CASE WHEN 'name' LIKE '' THEN 0 WHEN' at line 1
#0 /home/sutara/Dropbox/server/CakeTest/lib/Cake/Model/Datasource/DboSource.php(461): PDOStatement->execute(Array)
#1 /home/sutara/Dropbox/server/CakeTest/lib/Cake/Model/Datasource/DboSource.php(427): DboSource->_execute('SELECT * FROM '...', Array)
#2 /home/sutara/Dropbox/server/CakeTest/lib/Cake/Model/Datasource/DboSource.php(671): DboSource->execute('SELECT * FROM '...', Array, Array)
#3 /home/sutara/Dropbox/server/CakeTest/lib/Cake/Model/Datasource/DboSource.php(540): DboSource->fetchAll('SELECT * FROM '...')
#4 [internal function]: DboSource->query('SELECT * FROM '...')
#5 /home/sutara/Dropbox/server/CakeTest/lib/Cake/Model/Model.php(2997): call_user_func_array(Array, Array)
#6 /home/sutara/Dropbox/server/CakeTest/app/Model/Post.php(82): Model->query('SELECT * FROM '...')
#7 /home/sutara/Dropbox/server/CakeTest/app/Controller/PostsController.php(23): Post->modelAjaxSearch(Array)
#8 [internal function]: PostsController->ajax_search()
#9 /home/sutara/Dropbox/server/CakeTest/lib/Cake/Controller/Controller.php(485): ReflectionMethod->invokeArgs(Object(PostsController), Array)
#10 /home/sutara/Dropbox/server/CakeTest/lib/Cake/Routing/Dispatcher.php(186): Controller->invokeAction(Object(CakeRequest))
#11 /home/sutara/Dropbox/server/CakeTest/lib/Cake/Routing/Dispatcher.php(161): Dispatcher->_invoke(Object(PostsController), Object(CakeRequest), Object(CakeResponse))
#12 /home/sutara/Dropbox/server/CakeTest/app/webroot/index.php(92): Dispatcher->dispatch(Object(CakeRequest), Object(CakeResponse))
#13 {main}
2012-07-05 06:03:25 Error: [PDOException] SQLSTATE[42000]: Syntax error or access violation: 1064 You have an error in your SQL syntax; check the manual that corresponds to your MySQL server version for the right syntax to use near ''nation' WHERE ('name' LIKE '%%') ORDER BY (CASE WHEN 'name' LIKE '' THEN 0 WHEN' at line 1
#0 /home/sutara/Dropbox/server/CakeTest/lib/Cake/Model/Datasource/DboSource.php(461): PDOStatement->execute(Array)
#1 /home/sutara/Dropbox/server/CakeTest/lib/Cake/Model/Datasource/DboSource.php(427): DboSource->_execute('SELECT * FROM '...', Array)
#2 /home/sutara/Dropbox/server/CakeTest/lib/Cake/Model/Datasource/DboSource.php(671): DboSource->execute('SELECT * FROM '...', Array, Array)
#3 /home/sutara/Dropbox/server/CakeTest/lib/Cake/Model/Datasource/DboSource.php(540): DboSource->fetchAll('SELECT * FROM '...')
#4 [internal function]: DboSource->query('SELECT * FROM '...')
#5 /home/sutara/Dropbox/server/CakeTest/lib/Cake/Model/Model.php(2997): call_user_func_array(Array, Array)
#6 /home/sutara/Dropbox/server/CakeTest/app/Model/Post.php(82): Model->query('SELECT * FROM '...')
#7 /home/sutara/Dropbox/server/CakeTest/app/Controller/PostsController.php(23): Post->modelAjaxSearch(Array)
#8 [internal function]: PostsController->ajax_search()
#9 /home/sutara/Dropbox/server/CakeTest/lib/Cake/Controller/Controller.php(485): ReflectionMethod->invokeArgs(Object(PostsController), Array)
#10 /home/sutara/Dropbox/server/CakeTest/lib/Cake/Routing/Dispatcher.php(186): Controller->invokeAction(Object(CakeRequest))
#11 /home/sutara/Dropbox/server/CakeTest/lib/Cake/Routing/Dispatcher.php(161): Dispatcher->_invoke(Object(PostsController), Object(CakeRequest), Object(CakeResponse))
#12 /home/sutara/Dropbox/server/CakeTest/app/webroot/index.php(92): Dispatcher->dispatch(Object(CakeRequest), Object(CakeResponse))
#13 {main}
2012-07-05 06:04:58 Error: [PDOException] SQLSTATE[42000]: Syntax error or access violation: 1064 You have an error in your SQL syntax; check the manual that corresponds to your MySQL server version for the right syntax to use near ''nation' WHERE ('name' LIKE '%%') ORDER BY (CASE WHEN 'name' LIKE '' THEN 0 WHEN' at line 1
#0 /home/sutara/Dropbox/server/CakeTest/lib/Cake/Model/Datasource/DboSource.php(461): PDOStatement->execute(Array)
#1 /home/sutara/Dropbox/server/CakeTest/lib/Cake/Model/Datasource/DboSource.php(427): DboSource->_execute('SELECT * FROM '...', Array)
#2 /home/sutara/Dropbox/server/CakeTest/lib/Cake/Model/Datasource/DboSource.php(671): DboSource->execute('SELECT * FROM '...', Array, Array)
#3 /home/sutara/Dropbox/server/CakeTest/lib/Cake/Model/Datasource/DboSource.php(540): DboSource->fetchAll('SELECT * FROM '...')
#4 [internal function]: DboSource->query('SELECT * FROM '...')
#5 /home/sutara/Dropbox/server/CakeTest/lib/Cake/Model/Model.php(2997): call_user_func_array(Array, Array)
#6 /home/sutara/Dropbox/server/CakeTest/app/Model/Post.php(82): Model->query('SELECT * FROM '...')
#7 /home/sutara/Dropbox/server/CakeTest/app/Controller/PostsController.php(23): Post->modelAjaxSearch(Array)
#8 [internal function]: PostsController->ajax_search()
#9 /home/sutara/Dropbox/server/CakeTest/lib/Cake/Controller/Controller.php(485): ReflectionMethod->invokeArgs(Object(PostsController), Array)
#10 /home/sutara/Dropbox/server/CakeTest/lib/Cake/Routing/Dispatcher.php(186): Controller->invokeAction(Object(CakeRequest))
#11 /home/sutara/Dropbox/server/CakeTest/lib/Cake/Routing/Dispatcher.php(161): Dispatcher->_invoke(Object(PostsController), Object(CakeRequest), Object(CakeResponse))
#12 /home/sutara/Dropbox/server/CakeTest/app/webroot/index.php(92): Dispatcher->dispatch(Object(CakeRequest), Object(CakeResponse))
#13 {main}
2012-07-05 13:45:13 Error: [MissingControllerException] Controller class PostsController could not be found.
#0 /home/sutara/Dropbox/server/CakeTest/app/webroot/index.php(92): Dispatcher->dispatch(Object(CakeRequest), Object(CakeResponse))
#1 {main}
2012-07-05 13:45:14 Error: [MissingControllerException] Controller class PostsController could not be found.
#0 /home/sutara/Dropbox/server/CakeTest/app/webroot/index.php(92): Dispatcher->dispatch(Object(CakeRequest), Object(CakeResponse))
#1 {main}
2012-07-05 13:45:45 Error: Fatal Error (1): Call to a member function modelAjaxSearch() on a non-object in [/home/sutara/Dropbox/server/CakeTest/app/Controller/NationsController.php, line 23]
2012-07-05 13:45:45 Error: [FatalErrorException] Call to a member function modelAjaxSearch() on a non-object
#0 /home/sutara/Dropbox/server/CakeTest/lib/Cake/Error/ErrorHandler.php(162): ErrorHandler::handleFatalError(1, 'Call to a membe...', '/home/sutara/Dr...', 23)
#1 [internal function]: ErrorHandler::handleError(1, 'Call to a membe...', '/home/sutara/Dr...', 23, Array)
#2 /home/sutara/Dropbox/server/CakeTest/lib/Cake/Core/App.php(926): call_user_func('ErrorHandler::h...', 1, 'Call to a membe...', '/home/sutara/Dr...', 23, Array)
#3 /home/sutara/Dropbox/server/CakeTest/lib/Cake/Core/App.php(899): App::_checkFatalError()
#4 [internal function]: App::shutdown()
#5 {main}
2012-07-05 13:45:46 Error: Fatal Error (1): Call to a member function modelAjaxSearch() on a non-object in [/home/sutara/Dropbox/server/CakeTest/app/Controller/NationsController.php, line 23]
2012-07-05 13:45:46 Error: [FatalErrorException] Call to a member function modelAjaxSearch() on a non-object
#0 /home/sutara/Dropbox/server/CakeTest/lib/Cake/Error/ErrorHandler.php(162): ErrorHandler::handleFatalError(1, 'Call to a membe...', '/home/sutara/Dr...', 23)
#1 [internal function]: ErrorHandler::handleError(1, 'Call to a membe...', '/home/sutara/Dr...', 23, Array)
#2 /home/sutara/Dropbox/server/CakeTest/lib/Cake/Core/App.php(926): call_user_func('ErrorHandler::h...', 1, 'Call to a membe...', '/home/sutara/Dr...', 23, Array)
#3 /home/sutara/Dropbox/server/CakeTest/lib/Cake/Core/App.php(899): App::_checkFatalError()
#4 [internal function]: App::shutdown()
#5 {main}
2012-07-05 13:45:47 Error: Fatal Error (1): Call to a member function modelAjaxSearch() on a non-object in [/home/sutara/Dropbox/server/CakeTest/app/Controller/NationsController.php, line 23]
2012-07-05 13:45:47 Error: [FatalErrorException] Call to a member function modelAjaxSearch() on a non-object
#0 /home/sutara/Dropbox/server/CakeTest/lib/Cake/Error/ErrorHandler.php(162): ErrorHandler::handleFatalError(1, 'Call to a membe...', '/home/sutara/Dr...', 23)
#1 [internal function]: ErrorHandler::handleError(1, 'Call to a membe...', '/home/sutara/Dr...', 23, Array)
#2 /home/sutara/Dropbox/server/CakeTest/lib/Cake/Core/App.php(926): call_user_func('ErrorHandler::h...', 1, 'Call to a membe...', '/home/sutara/Dr...', 23, Array)
#3 /home/sutara/Dropbox/server/CakeTest/lib/Cake/Core/App.php(899): App::_checkFatalError()
#4 [internal function]: App::shutdown()
#5 {main}
2012-07-05 13:45:48 Error: Fatal Error (1): Call to a member function modelAjaxSearch() on a non-object in [/home/sutara/Dropbox/server/CakeTest/app/Controller/NationsController.php, line 23]
2012-07-05 13:45:48 Error: [FatalErrorException] Call to a member function modelAjaxSearch() on a non-object
#0 /home/sutara/Dropbox/server/CakeTest/lib/Cake/Error/ErrorHandler.php(162): ErrorHandler::handleFatalError(1, 'Call to a membe...', '/home/sutara/Dr...', 23)
#1 [internal function]: ErrorHandler::handleError(1, 'Call to a membe...', '/home/sutara/Dr...', 23, Array)
#2 /home/sutara/Dropbox/server/CakeTest/lib/Cake/Core/App.php(926): call_user_func('ErrorHandler::h...', 1, 'Call to a membe...', '/home/sutara/Dr...', 23, Array)
#3 /home/sutara/Dropbox/server/CakeTest/lib/Cake/Core/App.php(899): App::_checkFatalError()
#4 [internal function]: App::shutdown()
#5 {main}
2012-07-05 13:45:50 Error: Fatal Error (1): Call to a member function modelAjaxSearch() on a non-object in [/home/sutara/Dropbox/server/CakeTest/app/Controller/NationsController.php, line 23]
2012-07-05 13:45:50 Error: [FatalErrorException] Call to a member function modelAjaxSearch() on a non-object
#0 /home/sutara/Dropbox/server/CakeTest/lib/Cake/Error/ErrorHandler.php(162): ErrorHandler::handleFatalError(1, 'Call to a membe...', '/home/sutara/Dr...', 23)
#1 [internal function]: ErrorHandler::handleError(1, 'Call to a membe...', '/home/sutara/Dr...', 23, Array)
#2 /home/sutara/Dropbox/server/CakeTest/lib/Cake/Core/App.php(926): call_user_func('ErrorHandler::h...', 1, 'Call to a membe...', '/home/sutara/Dr...', 23, Array)
#3 /home/sutara/Dropbox/server/CakeTest/lib/Cake/Core/App.php(899): App::_checkFatalError()
#4 [internal function]: App::shutdown()
#5 {main}
2012-07-05 13:47:14 Error: Fatal Error (1): Call to a member function modelAjaxSearch() on a non-object in [/home/sutara/Dropbox/server/CakeTest/app/Controller/NationsController.php, line 23]
2012-07-05 13:47:14 Error: [FatalErrorException] Call to a member function modelAjaxSearch() on a non-object
#0 /home/sutara/Dropbox/server/CakeTest/lib/Cake/Error/ErrorHandler.php(162): ErrorHandler::handleFatalError(1, 'Call to a membe...', '/home/sutara/Dr...', 23)
#1 [internal function]: ErrorHandler::handleError(1, 'Call to a membe...', '/home/sutara/Dr...', 23, Array)
#2 /home/sutara/Dropbox/server/CakeTest/lib/Cake/Core/App.php(926): call_user_func('ErrorHandler::h...', 1, 'Call to a membe...', '/home/sutara/Dr...', 23, Array)
#3 /home/sutara/Dropbox/server/CakeTest/lib/Cake/Core/App.php(899): App::_checkFatalError()
#4 [internal function]: App::shutdown()
#5 {main}
2012-07-05 13:48:03 Error: [MissingTableException] Table nations for model Nation was not found in datasource default.
#0 /home/sutara/Dropbox/server/CakeTest/lib/Cake/Model/Model.php(3180): Model->setSource('nations')
#1 /home/sutara/Dropbox/server/CakeTest/lib/Cake/Model/Model.php(2996): Model->getDataSource()
#2 /home/sutara/Dropbox/server/CakeTest/app/Model/Nation.php(116): Model->query('SELECT * FROM `...')
#3 /home/sutara/Dropbox/server/CakeTest/app/Controller/NationsController.php(23): Nation->modelAjaxSearch(Array)
#4 [internal function]: NationsController->ajax_search()
#5 /home/sutara/Dropbox/server/CakeTest/lib/Cake/Controller/Controller.php(485): ReflectionMethod->invokeArgs(Object(NationsController), Array)
#6 /home/sutara/Dropbox/server/CakeTest/lib/Cake/Routing/Dispatcher.php(186): Controller->invokeAction(Object(CakeRequest))
#7 /home/sutara/Dropbox/server/CakeTest/lib/Cake/Routing/Dispatcher.php(161): Dispatcher->_invoke(Object(NationsController), Object(CakeRequest), Object(CakeResponse))
#8 /home/sutara/Dropbox/server/CakeTest/app/webroot/index.php(92): Dispatcher->dispatch(Object(CakeRequest), Object(CakeResponse))
#9 {main}
2012-07-05 13:48:04 Error: [MissingTableException] Table nations for model Nation was not found in datasource default.
#0 /home/sutara/Dropbox/server/CakeTest/lib/Cake/Model/Model.php(3180): Model->setSource('nations')
#1 /home/sutara/Dropbox/server/CakeTest/lib/Cake/Model/Model.php(2996): Model->getDataSource()
#2 /home/sutara/Dropbox/server/CakeTest/app/Model/Nation.php(80): Model->query('SELECT * FROM `...')
#3 /home/sutara/Dropbox/server/CakeTest/app/Controller/NationsController.php(23): Nation->modelAjaxSearch(Array)
#4 [internal function]: NationsController->ajax_search()
#5 /home/sutara/Dropbox/server/CakeTest/lib/Cake/Controller/Controller.php(485): ReflectionMethod->invokeArgs(Object(NationsController), Array)
#6 /home/sutara/Dropbox/server/CakeTest/lib/Cake/Routing/Dispatcher.php(186): Controller->invokeAction(Object(CakeRequest))
#7 /home/sutara/Dropbox/server/CakeTest/lib/Cake/Routing/Dispatcher.php(161): Dispatcher->_invoke(Object(NationsController), Object(CakeRequest), Object(CakeResponse))
#8 /home/sutara/Dropbox/server/CakeTest/app/webroot/index.php(92): Dispatcher->dispatch(Object(CakeRequest), Object(CakeResponse))
#9 {main}
